[2021-05-31 17:07:37] local.ERROR: Target class [app\Http\Controllers\GeneroController] does not exist. {"exception":"[object] (Illuminate\\Contracts\\Container\\BindingResolutionException(code: 0): Target class [app\\Http\\Controllers\\GeneroController] does not exist. at C:\\ProjetosLaravel\\Consulta_em_uma_tabela_do_BB_com_laravel\\vendor\\laravel\\framework\\src\\Illuminate\\Container\\Container.php:838)
[stacktrace]
#0 C:\\ProjetosLaravel\\Consulta_em_uma_tabela_do_BB_com_laravel\\vendor\\laravel\\framework\\src\\Illuminate\\Container\\Container.php(717): Illuminate\\Container\\Container->build('app\\\\Http\\\\Contro...')
#1 C:\\ProjetosLaravel\\Consulta_em_uma_tabela_do_BB_com_laravel\\vendor\\laravel\\framework\\src\\Illuminate\\Foundation\\Application.php(841): Illuminate\\Container\\Container->resolve('app\\\\Http\\\\Contro...', Array, true)
#2 C:\\ProjetosLaravel\\Consulta_em_uma_tabela_do_BB_com_laravel\\vendor\\laravel\\framework\\src\\Illuminate\\Container\\Container.php(655): Illuminate\\Foundation\\Application->resolve('app\\\\Http\\\\Contro...', Array)
#3 C:\\ProjetosLaravel\\Consulta_em_uma_tabela_do_BB_com_laravel\\vendor\\laravel\\framework\\src\\Illuminate\\Foundation\\Application.php(826): Illuminate\\Container\\Container->make('app\\\\Http\\\\Contro...', Array)
#4 C:\\ProjetosLaravel\\Consulta_em_uma_tabela_do_BB_com_laravel\\vendor\\laravel\\framework\\src\\Illuminate\\Routing\\Route.php(268): Illuminate\\Foundation\\Application->make('app\\\\Http\\\\Contro...')
#5 C:\\ProjetosLaravel\\Consulta_em_uma_tabela_do_BB_com_laravel\\vendor\\laravel\\framework\\src\\Illuminate\\Routing\\Route.php(1019): Illuminate\\Routing\\Route->getController()
#6 C:\\ProjetosLaravel\\Consulta_em_uma_tabela_do_BB_com_laravel\\vendor\\laravel\\framework\\src\\Illuminate\\Routing\\Route.php(980): Illuminate\\Routing\\Route->controllerMiddleware()
#7 C:\\ProjetosLaravel\\Consulta_em_uma_tabela_do_BB_com_laravel\\vendor\\laravel\\framework\\src\\Illuminate\\Routing\\Router.php(708): Illuminate\\Routing\\Route->gatherMiddleware()
#8 C:\\ProjetosLaravel\\Consulta_em_uma_tabela_do_BB_com_laravel\\vendor\\laravel\\framework\\src\\Illuminate\\Routing\\Router.php(688): Illuminate\\Routing\\Router->gatherRouteMiddleware(Object(Illuminate\\Routing\\Route))
#9 C:\\ProjetosLaravel\\Consulta_em_uma_tabela_do_BB_com_laravel\\vendor\\laravel\\framework\\src\\Illuminate\\Routing\\Router.php(672): Illuminate\\Routing\\Router->runRouteWithinStack(Object(Illuminate\\Routing\\Route), Object(Illuminate\\Http\\Request))
#10 C:\\ProjetosLaravel\\Consulta_em_uma_tabela_do_BB_com_laravel\\vendor\\laravel\\framework\\src\\Illuminate\\Routing\\Router.php(636): Illuminate\\Routing\\Router->runRoute(Object(Illuminate\\Http\\Request), Object(Illuminate\\Routing\\Route))
#11 C:\\ProjetosLaravel\\Consulta_em_uma_tabela_do_BB_com_laravel\\vendor\\laravel\\framework\\src\\Illuminate\\Routing\\Router.php(625): Illuminate\\Routing\\Router->dispatchToRoute(Object(Illuminate\\Http\\Request))
#12 C:\\ProjetosLaravel\\Consulta_em_uma_tabela_do_BB_com_laravel\\vendor\\laravel\\framework\\src\\Illuminate\\Foundation\\Http\\Kernel.php(166): Illuminate\\Routing\\Router->dispatch(Object(Illuminate\\Http\\Request))
#13 C:\\ProjetosLaravel\\Consulta_em_uma_tabela_do_BB_com_laravel\\vendor\\laravel\\framework\\src\\Illuminate\\Pipeline\\Pipeline.php(128): Illuminate\\Foundation\\Http\\Kernel->Illuminate\\Foundation\\Http\\{closure}(Object(Illuminate\\Http\\Request))
#14 C:\\ProjetosLaravel\\Consulta_em_uma_tabela_do_BB_com_laravel\\vendor\\laravel\\framework\\src\\Illuminate\\Foundation\\Http\\Middleware\\TransformsRequest.php(21): Illuminate\\Pipeline\\Pipeline->Illuminate\\Pipeline\\{closure}(Object(Illuminate\\Http\\Request))
#15 C:\\ProjetosLaravel\\Consulta_em_uma_tabela_do_BB_com_laravel\\vendor\\laravel\\framework\\src\\Illuminate\\Foundation\\Http\\Middleware\\ConvertEmptyStringsToNull.php(31): Illuminate\\Foundation\\Http\\Middleware\\TransformsRequest->handle(Object(Illuminate\\Http\\Request), Object(Closure))
#16 C:\\ProjetosLaravel\\Consulta_em_uma_tabela_do_BB_com_laravel\\vendor\\laravel\\framework\\src\\Illuminate\\Pipeline\\Pipeline.php(167): Illuminate\\Foundation\\Http\\Middleware\\ConvertEmptyStringsToNull->handle(Object(Illuminate\\Http\\Request), Object(Closure))
#17 C:\\ProjetosLaravel\\Consulta_em_uma_tabela_do_BB_com_laravel\\vendor\\laravel\\framework\\src\\Illuminate\\Foundation\\Http\\Middleware\\TransformsRequest.php(21): Illuminate\\Pipeline\\Pipeline->Illuminate\\Pipeline\\{closure}(Object(Illuminate\\Http\\Request))
#18 C:\\ProjetosLaravel\\Consulta_em_uma_tabela_do_BB_com_laravel\\vendor\\laravel\\framework\\src\\Illuminate\\Foundation\\Http\\Middleware\\TrimStrings.php(40): Illuminate\\Foundation\\Http\\Middleware\\TransformsRequest->handle(Object(Illuminate\\Http\\Request), Object(Closure))
#19 C:\\ProjetosLaravel\\Consulta_em_uma_tabela_do_BB_com_laravel\\vendor\\laravel\\framework\\src\\Illuminate\\Pipeline\\Pipeline.php(167): Illuminate\\Foundation\\Http\\Middleware\\TrimStrings->handle(Object(Illuminate\\Http\\Request), Object(Closure))
#20 C:\\ProjetosLaravel\\Consulta_em_uma_tabela_do_BB_com_laravel\\vendor\\laravel\\framework\\src\\Illuminate\\Foundation\\Http\\Middleware\\ValidatePostSize.php(27): Illuminate\\Pipeline\\Pipeline->Illuminate\\Pipeline\\{closure}(Object(Illuminate\\Http\\Request))
#21 C:\\ProjetosLaravel\\Consulta_em_uma_tabela_do_BB_com_laravel\\vendor\\laravel\\framework\\src\\Illuminate\\Pipeline\\Pipeline.php(167): Illuminate\\Foundation\\Http\\Middleware\\ValidatePostSize->handle(Object(Illuminate\\Http\\Request), Object(Closure))
#22 C:\\ProjetosLaravel\\Consulta_em_uma_tabela_do_BB_com_laravel\\vendor\\laravel\\framework\\src\\Illuminate\\Foundation\\Http\\Middleware\\PreventRequestsDuringMaintenance.php(86): Illuminate\\Pipeline\\Pipeline->Illuminate\\Pipeline\\{closure}(Object(Illuminate\\Http\\Request))
#23 C:\\ProjetosLaravel\\Consulta_em_uma_tabela_do_BB_com_laravel\\vendor\\laravel\\framework\\src\\Illuminate\\Pipeline\\Pipeline.php(167): Illuminate\\Foundation\\Http\\Middleware\\PreventRequestsDuringMaintenance->handle(Object(Illuminate\\Http\\Request), Object(Closure))
#24 C:\\ProjetosLaravel\\Consulta_em_uma_tabela_do_BB_com_laravel\\vendor\\fruitcake\\laravel-cors\\src\\HandleCors.php(38): Illuminate\\Pipeline\\Pipeline->Illuminate\\Pipeline\\{closure}(Object(Illuminate\\Http\\Request))
#25 C:\\ProjetosLaravel\\Consulta_em_uma_tabela_do_BB_com_laravel\\vendor\\laravel\\framework\\src\\Illuminate\\Pipeline\\Pipeline.php(167): Fruitcake\\Cors\\HandleCors->handle(Object(Illuminate\\Http\\Request), Object(Closure))
#26 C:\\ProjetosLaravel\\Consulta_em_uma_tabela_do_BB_com_laravel\\vendor\\fideloper\\proxy\\src\\TrustProxies.php(57): Illuminate\\Pipeline\\Pipeline->Illuminate\\Pipeline\\{closure}(Object(Illuminate\\Http\\Request))
#27 C:\\ProjetosLaravel\\Consulta_em_uma_tabela_do_BB_com_laravel\\vendor\\laravel\\framework\\src\\Illuminate\\Pipeline\\Pipeline.php(167): Fideloper\\Proxy\\TrustProxies->handle(Object(Illuminate\\Http\\Request), Object(Closure))
#28 C:\\ProjetosLaravel\\Consulta_em_uma_tabela_do_BB_com_laravel\\vendor\\laravel\\framework\\src\\Illuminate\\Pipeline\\Pipeline.php(103): Illuminate\\Pipeline\\Pipeline->Illuminate\\Pipeline\\{closure}(Object(Illuminate\\Http\\Request))
#29 C:\\ProjetosLaravel\\Consulta_em_uma_tabela_do_BB_com_laravel\\vendor\\laravel\\framework\\src\\Illuminate\\Foundation\\Http\\Kernel.php(141): Illuminate\\Pipeline\\Pipeline->then(Object(Closure))
#30 C:\\ProjetosLaravel\\Consulta_em_uma_tabela_do_BB_com_laravel\\vendor\\laravel\\framework\\src\\Illuminate\\Foundation\\Http\\Kernel.php(110): Illuminate\\Foundation\\Http\\Kernel->sendRequestThroughRouter(Object(Illuminate\\Http\\Request))
#31 C:\\ProjetosLaravel\\Consulta_em_uma_tabela_do_BB_com_laravel\\public\\index.php(52): Illuminate\\Foundation\\Http\\Kernel->handle(Object(Illuminate\\Http\\Request))
#32 C:\\ProjetosLaravel\\Consulta_em_uma_tabela_do_BB_com_laravel\\server.php(21): require_once('C:\\\\ProjetosLara...')
#33 {main}

[previous exception] [object] (ReflectionException(code: -1): Class \"app\\Http\\Controllers\\GeneroController\" does not exist at C:\\ProjetosLaravel\\Consulta_em_uma_tabela_do_BB_com_laravel\\vendor\\laravel\\framework\\src\\Illuminate\\Container\\Container.php:836)
[stacktrace]
#0 C:\\ProjetosLaravel\\Consulta_em_uma_tabela_do_BB_com_laravel\\vendor\\laravel\\framework\\src\\Illuminate\\Container\\Container.php(836): ReflectionClass->__construct('app\\\\Http\\\\Contro...')
#1 C:\\ProjetosLaravel\\Consulta_em_uma_tabela_do_BB_com_laravel\\vendor\\laravel\\framework\\src\\Illuminate\\Container\\Container.php(717): Illuminate\\Container\\Container->build('app\\\\Http\\\\Contro...')
#2 C:\\ProjetosLaravel\\Consulta_em_uma_tabela_do_BB_com_laravel\\vendor\\laravel\\framework\\src\\Illuminate\\Foundation\\Application.php(841): Illuminate\\Container\\Container->resolve('app\\\\Http\\\\Contro...', Array, true)
#3 C:\\ProjetosLaravel\\Consulta_em_uma_tabela_do_BB_com_laravel\\vendor\\laravel\\framework\\src\\Illuminate\\Container\\Container.php(655): Illuminate\\Foundation\\Application->resolve('app\\\\Http\\\\Contro...', Array)
#4 C:\\ProjetosLaravel\\Consulta_em_uma_tabela_do_BB_com_laravel\\vendor\\laravel\\framework\\src\\Illuminate\\Foundation\\Application.php(826): Illuminate\\Container\\Container->make('app\\\\Http\\\\Contro...', Array)
#5 C:\\ProjetosLaravel\\Consulta_em_uma_tabela_do_BB_com_laravel\\vendor\\laravel\\framework\\src\\Illuminate\\Routing\\Route.php(268): Illuminate\\Foundation\\Application->make('app\\\\Http\\\\Contro...')
#6 C:\\ProjetosLaravel\\Consulta_em_uma_tabela_do_BB_com_laravel\\vendor\\laravel\\framework\\src\\Illuminate\\Routing\\Route.php(1019): Illuminate\\Routing\\Route->getController()
#7 C:\\ProjetosLaravel\\Consulta_em_uma_tabela_do_BB_com_laravel\\vendor\\laravel\\framework\\src\\Illuminate\\Routing\\Route.php(980): Illuminate\\Routing\\Route->controllerMiddleware()
#8 C:\\ProjetosLaravel\\Consulta_em_uma_tabela_do_BB_com_laravel\\vendor\\laravel\\framework\\src\\Illuminate\\Routing\\Router.php(708): Illuminate\\Routing\\Route->gatherMiddleware()
#9 C:\\ProjetosLaravel\\Consulta_em_uma_tabela_do_BB_com_laravel\\vendor\\laravel\\framework\\src\\Illuminate\\Routing\\Router.php(688): Illuminate\\Routing\\Router->gatherRouteMiddleware(Object(Illuminate\\Routing\\Route))
#10 C:\\ProjetosLaravel\\Consulta_em_uma_tabela_do_BB_com_laravel\\vendor\\laravel\\framework\\src\\Illuminate\\Routing\\Router.php(672): Illuminate\\Routing\\Router->runRouteWithinStack(Object(Illuminate\\Routing\\Route), Object(Illuminate\\Http\\Request))
#11 C:\\ProjetosLaravel\\Consulta_em_uma_tabela_do_BB_com_laravel\\vendor\\laravel\\framework\\src\\Illuminate\\Routing\\Router.php(636): Illuminate\\Routing\\Router->runRoute(Object(Illuminate\\Http\\Request), Object(Illuminate\\Routing\\Route))
#12 C:\\ProjetosLaravel\\Consulta_em_uma_tabela_do_BB_com_laravel\\vendor\\laravel\\framework\\src\\Illuminate\\Routing\\Router.php(625): Illuminate\\Routing\\Router->dispatchToRoute(Object(Illuminate\\Http\\Request))
#13 C:\\ProjetosLaravel\\Consulta_em_uma_tabela_do_BB_com_laravel\\vendor\\laravel\\framework\\src\\Illuminate\\Foundation\\Http\\Kernel.php(166): Illuminate\\Routing\\Router->dispatch(Object(Illuminate\\Http\\Request))
#14 C:\\ProjetosLaravel\\Consulta_em_uma_tabela_do_BB_com_laravel\\vendor\\laravel\\framework\\src\\Illuminate\\Pipeline\\Pipeline.php(128): Illuminate\\Foundation\\Http\\Kernel->Illuminate\\Foundation\\Http\\{closure}(Object(Illuminate\\Http\\Request))
#15 C:\\ProjetosLaravel\\Consulta_em_uma_tabela_do_BB_com_laravel\\vendor\\laravel\\framework\\src\\Illuminate\\Foundation\\Http\\Middleware\\TransformsRequest.php(21): Illuminate\\Pipeline\\Pipeline->Illuminate\\Pipeline\\{closure}(Object(Illuminate\\Http\\Request))
#16 C:\\ProjetosLaravel\\Consulta_em_uma_tabela_do_BB_com_laravel\\vendor\\laravel\\framework\\src\\Illuminate\\Foundation\\Http\\Middleware\\ConvertEmptyStringsToNull.php(31): Illuminate\\Foundation\\Http\\Middleware\\TransformsRequest->handle(Object(Illuminate\\Http\\Request), Object(Closure))
#17 C:\\ProjetosLaravel\\Consulta_em_uma_tabela_do_BB_com_laravel\\vendor\\laravel\\framework\\src\\Illuminate\\Pipeline\\Pipeline.php(167): Illuminate\\Foundation\\Http\\Middleware\\ConvertEmptyStringsToNull->handle(Object(Illuminate\\Http\\Request), Object(Closure))
#18 C:\\ProjetosLaravel\\Consulta_em_uma_tabela_do_BB_com_laravel\\vendor\\laravel\\framework\\src\\Illuminate\\Foundation\\Http\\Middleware\\TransformsRequest.php(21): Illuminate\\Pipeline\\Pipeline->Illuminate\\Pipeline\\{closure}(Object(Illuminate\\Http\\Request))
#19 C:\\ProjetosLaravel\\Consulta_em_uma_tabela_do_BB_com_laravel\\vendor\\laravel\\framework\\src\\Illuminate\\Foundation\\Http\\Middleware\\TrimStrings.php(40): Illuminate\\Foundation\\Http\\Middleware\\TransformsRequest->handle(Object(Illuminate\\Http\\Request), Object(Closure))
#20 C:\\ProjetosLaravel\\Consulta_em_uma_tabela_do_BB_com_laravel\\vendor\\laravel\\framework\\src\\Illuminate\\Pipeline\\Pipeline.php(167): Illuminate\\Foundation\\Http\\Middleware\\TrimStrings->handle(Object(Illuminate\\Http\\Request), Object(Closure))
#21 C:\\ProjetosLaravel\\Consulta_em_uma_tabela_do_BB_com_laravel\\vendor\\laravel\\framework\\src\\Illuminate\\Foundation\\Http\\Middleware\\ValidatePostSize.php(27): Illuminate\\Pipeline\\Pipeline->Illuminate\\Pipeline\\{closure}(Object(Illuminate\\Http\\Request))
#22 C:\\ProjetosLaravel\\Consulta_em_uma_tabela_do_BB_com_laravel\\vendor\\laravel\\framework\\src\\Illuminate\\Pipeline\\Pipeline.php(167): Illuminate\\Foundation\\Http\\Middleware\\ValidatePostSize->handle(Object(Illuminate\\Http\\Request), Object(Closure))
#23 C:\\ProjetosLaravel\\Consulta_em_uma_tabela_do_BB_com_laravel\\vendor\\laravel\\framework\\src\\Illuminate\\Foundation\\Http\\Middleware\\PreventRequestsDuringMaintenance.php(86): Illuminate\\Pipeline\\Pipeline->Illuminate\\Pipeline\\{closure}(Object(Illuminate\\Http\\Request))
#24 C:\\ProjetosLaravel\\Consulta_em_uma_tabela_do_BB_com_laravel\\vendor\\laravel\\framework\\src\\Illuminate\\Pipeline\\Pipeline.php(167): Illuminate\\Foundation\\Http\\Middleware\\PreventRequestsDuringMaintenance->handle(Object(Illuminate\\Http\\Request), Object(Closure))
#25 C:\\ProjetosLaravel\\Consulta_em_uma_tabela_do_BB_com_laravel\\vendor\\fruitcake\\laravel-cors\\src\\HandleCors.php(38): Illuminate\\Pipeline\\Pipeline->Illuminate\\Pipeline\\{closure}(Object(Illuminate\\Http\\Request))
#26 C:\\ProjetosLaravel\\Consulta_em_uma_tabela_do_BB_com_laravel\\vendor\\laravel\\framework\\src\\Illuminate\\Pipeline\\Pipeline.php(167): Fruitcake\\Cors\\HandleCors->handle(Object(Illuminate\\Http\\Request), Object(Closure))
#27 C:\\ProjetosLaravel\\Consulta_em_uma_tabela_do_BB_com_laravel\\vendor\\fideloper\\proxy\\src\\TrustProxies.php(57): Illuminate\\Pipeline\\Pipeline->Illuminate\\Pipeline\\{closure}(Object(Illuminate\\Http\\Request))
#28 C:\\ProjetosLaravel\\Consulta_em_uma_tabela_do_BB_com_laravel\\vendor\\laravel\\framework\\src\\Illuminate\\Pipeline\\Pipeline.php(167): Fideloper\\Proxy\\TrustProxies->handle(Object(Illuminate\\Http\\Request), Object(Closure))
#29 C:\\ProjetosLaravel\\Consulta_em_uma_tabela_do_BB_com_laravel\\vendor\\laravel\\framework\\src\\Illuminate\\Pipeline\\Pipeline.php(103): Illuminate\\Pipeline\\Pipeline->Illuminate\\Pipeline\\{closure}(Object(Illuminate\\Http\\Request))
#30 C:\\ProjetosLaravel\\Consulta_em_uma_tabela_do_BB_com_laravel\\vendor\\laravel\\framework\\src\\Illuminate\\Foundation\\Http\\Kernel.php(141): Illuminate\\Pipeline\\Pipeline->then(Object(Closure))
#31 C:\\ProjetosLaravel\\Consulta_em_uma_tabela_do_BB_com_laravel\\vendor\\laravel\\framework\\src\\Illuminate\\Foundation\\Http\\Kernel.php(110): Illuminate\\Foundation\\Http\\Kernel->sendRequestThroughRouter(Object(Illuminate\\Http\\Request))
#32 C:\\ProjetosLaravel\\Consulta_em_uma_tabela_do_BB_com_laravel\\public\\index.php(52): Illuminate\\Foundation\\Http\\Kernel->handle(Object(Illuminate\\Http\\Request))
#33 C:\\ProjetosLaravel\\Consulta_em_uma_tabela_do_BB_com_laravel\\server.php(21): require_once('C:\\\\ProjetosLara...')
#34 {main}
"} 
[2021-05-31 17:07:58] local.ERROR: Target class [app\Http\Controllers\GeneroController] does not exist. {"exception":"[object] (Illuminate\\Contracts\\Container\\BindingResolutionException(code: 0): Target class [app\\Http\\Controllers\\GeneroController] does not exist. at C:\\ProjetosLaravel\\Consulta_em_uma_tabela_do_BB_com_laravel\\vendor\\laravel\\framework\\src\\Illuminate\\Container\\Container.php:838)
[stacktrace]
#0 C:\\ProjetosLaravel\\Consulta_em_uma_tabela_do_BB_com_laravel\\vendor\\laravel\\framework\\src\\Illuminate\\Container\\Container.php(717): Illuminate\\Container\\Container->build('app\\\\Http\\\\Contro...')
#1 C:\\ProjetosLaravel\\Consulta_em_uma_tabela_do_BB_com_laravel\\vendor\\laravel\\framework\\src\\Illuminate\\Foundation\\Application.php(841): Illuminate\\Container\\Container->resolve('app\\\\Http\\\\Contro...', Array, true)
#2 C:\\ProjetosLaravel\\Consulta_em_uma_tabela_do_BB_com_laravel\\vendor\\laravel\\framework\\src\\Illuminate\\Container\\Container.php(655): Illuminate\\Foundation\\Application->resolve('app\\\\Http\\\\Contro...', Array)
#3 C:\\ProjetosLaravel\\Consulta_em_uma_tabela_do_BB_com_laravel\\vendor\\laravel\\framework\\src\\Illuminate\\Foundation\\Application.php(826): Illuminate\\Container\\Container->make('app\\\\Http\\\\Contro...', Array)
#4 C:\\ProjetosLaravel\\Consulta_em_uma_tabela_do_BB_com_laravel\\vendor\\laravel\\framework\\src\\Illuminate\\Routing\\Route.php(268): Illuminate\\Foundation\\Application->make('app\\\\Http\\\\Contro...')
#5 C:\\ProjetosLaravel\\Consulta_em_uma_tabela_do_BB_com_laravel\\vendor\\laravel\\framework\\src\\Illuminate\\Routing\\Route.php(1019): Illuminate\\Routing\\Route->getController()
#6 C:\\ProjetosLaravel\\Consulta_em_uma_tabela_do_BB_com_laravel\\vendor\\laravel\\framework\\src\\Illuminate\\Routing\\Route.php(980): Illuminate\\Routing\\Route->controllerMiddleware()
#7 C:\\ProjetosLaravel\\Consulta_em_uma_tabela_do_BB_com_laravel\\vendor\\laravel\\framework\\src\\Illuminate\\Routing\\Router.php(708): Illuminate\\Routing\\Route->gatherMiddleware()
#8 C:\\ProjetosLaravel\\Consulta_em_uma_tabela_do_BB_com_laravel\\vendor\\laravel\\framework\\src\\Illuminate\\Routing\\Router.php(688): Illuminate\\Routing\\Router->gatherRouteMiddleware(Object(Illuminate\\Routing\\Route))
#9 C:\\ProjetosLaravel\\Consulta_em_uma_tabela_do_BB_com_laravel\\vendor\\laravel\\framework\\src\\Illuminate\\Routing\\Router.php(672): Illuminate\\Routing\\Router->runRouteWithinStack(Object(Illuminate\\Routing\\Route), Object(Illuminate\\Http\\Request))
#10 C:\\ProjetosLaravel\\Consulta_em_uma_tabela_do_BB_com_laravel\\vendor\\laravel\\framework\\src\\Illuminate\\Routing\\Router.php(636): Illuminate\\Routing\\Router->runRoute(Object(Illuminate\\Http\\Request), Object(Illuminate\\Routing\\Route))
#11 C:\\ProjetosLaravel\\Consulta_em_uma_tabela_do_BB_com_laravel\\vendor\\laravel\\framework\\src\\Illuminate\\Routing\\Router.php(625): Illuminate\\Routing\\Router->dispatchToRoute(Object(Illuminate\\Http\\Request))
#12 C:\\ProjetosLaravel\\Consulta_em_uma_tabela_do_BB_com_laravel\\vendor\\laravel\\framework\\src\\Illuminate\\Foundation\\Http\\Kernel.php(166): Illuminate\\Routing\\Router->dispatch(Object(Illuminate\\Http\\Request))
#13 C:\\ProjetosLaravel\\Consulta_em_uma_tabela_do_BB_com_laravel\\vendor\\laravel\\framework\\src\\Illuminate\\Pipeline\\Pipeline.php(128): Illuminate\\Foundation\\Http\\Kernel->Illuminate\\Foundation\\Http\\{closure}(Object(Illuminate\\Http\\Request))
#14 C:\\ProjetosLaravel\\Consulta_em_uma_tabela_do_BB_com_laravel\\vendor\\laravel\\framework\\src\\Illuminate\\Foundation\\Http\\Middleware\\TransformsRequest.php(21): Illuminate\\Pipeline\\Pipeline->Illuminate\\Pipeline\\{closure}(Object(Illuminate\\Http\\Request))
#15 C:\\ProjetosLaravel\\Consulta_em_uma_tabela_do_BB_com_laravel\\vendor\\laravel\\framework\\src\\Illuminate\\Foundation\\Http\\Middleware\\ConvertEmptyStringsToNull.php(31): Illuminate\\Foundation\\Http\\Middleware\\TransformsRequest->handle(Object(Illuminate\\Http\\Request), Object(Closure))
#16 C:\\ProjetosLaravel\\Consulta_em_uma_tabela_do_BB_com_laravel\\vendor\\laravel\\framework\\src\\Illuminate\\Pipeline\\Pipeline.php(167): Illuminate\\Foundation\\Http\\Middleware\\ConvertEmptyStringsToNull->handle(Object(Illuminate\\Http\\Request), Object(Closure))
#17 C:\\ProjetosLaravel\\Consulta_em_uma_tabela_do_BB_com_laravel\\vendor\\laravel\\framework\\src\\Illuminate\\Foundation\\Http\\Middleware\\TransformsRequest.php(21): Illuminate\\Pipeline\\Pipeline->Illuminate\\Pipeline\\{closure}(Object(Illuminate\\Http\\Request))
#18 C:\\ProjetosLaravel\\Consulta_em_uma_tabela_do_BB_com_laravel\\vendor\\laravel\\framework\\src\\Illuminate\\Foundation\\Http\\Middleware\\TrimStrings.php(40): Illuminate\\Foundation\\Http\\Middleware\\TransformsRequest->handle(Object(Illuminate\\Http\\Request), Object(Closure))
#19 C:\\ProjetosLaravel\\Consulta_em_uma_tabela_do_BB_com_laravel\\vendor\\laravel\\framework\\src\\Illuminate\\Pipeline\\Pipeline.php(167): Illuminate\\Foundation\\Http\\Middleware\\TrimStrings->handle(Object(Illuminate\\Http\\Request), Object(Closure))
#20 C:\\ProjetosLaravel\\Consulta_em_uma_tabela_do_BB_com_laravel\\vendor\\laravel\\framework\\src\\Illuminate\\Foundation\\Http\\Middleware\\ValidatePostSize.php(27): Illuminate\\Pipeline\\Pipeline->Illuminate\\Pipeline\\{closure}(Object(Illuminate\\Http\\Request))
#21 C:\\ProjetosLaravel\\Consulta_em_uma_tabela_do_BB_com_laravel\\vendor\\laravel\\framework\\src\\Illuminate\\Pipeline\\Pipeline.php(167): Illuminate\\Foundation\\Http\\Middleware\\ValidatePostSize->handle(Object(Illuminate\\Http\\Request), Object(Closure))
#22 C:\\ProjetosLaravel\\Consulta_em_uma_tabela_do_BB_com_laravel\\vendor\\laravel\\framework\\src\\Illuminate\\Foundation\\Http\\Middleware\\PreventRequestsDuringMaintenance.php(86): Illuminate\\Pipeline\\Pipeline->Illuminate\\Pipeline\\{closure}(Object(Illuminate\\Http\\Request))
#23 C:\\ProjetosLaravel\\Consulta_em_uma_tabela_do_BB_com_laravel\\vendor\\laravel\\framework\\src\\Illuminate\\Pipeline\\Pipeline.php(167): Illuminate\\Foundation\\Http\\Middleware\\PreventRequestsDuringMaintenance->handle(Object(Illuminate\\Http\\Request), Object(Closure))
#24 C:\\ProjetosLaravel\\Consulta_em_uma_tabela_do_BB_com_laravel\\vendor\\fruitcake\\laravel-cors\\src\\HandleCors.php(38): Illuminate\\Pipeline\\Pipeline->Illuminate\\Pipeline\\{closure}(Object(Illuminate\\Http\\Request))
#25 C:\\ProjetosLaravel\\Consulta_em_uma_tabela_do_BB_com_laravel\\vendor\\laravel\\framework\\src\\Illuminate\\Pipeline\\Pipeline.php(167): Fruitcake\\Cors\\HandleCors->handle(Object(Illuminate\\Http\\Request), Object(Closure))
#26 C:\\ProjetosLaravel\\Consulta_em_uma_tabela_do_BB_com_laravel\\vendor\\fideloper\\proxy\\src\\TrustProxies.php(57): Illuminate\\Pipeline\\Pipeline->Illuminate\\Pipeline\\{closure}(Object(Illuminate\\Http\\Request))
#27 C:\\ProjetosLaravel\\Consulta_em_uma_tabela_do_BB_com_laravel\\vendor\\laravel\\framework\\src\\Illuminate\\Pipeline\\Pipeline.php(167): Fideloper\\Proxy\\TrustProxies->handle(Object(Illuminate\\Http\\Request), Object(Closure))
#28 C:\\ProjetosLaravel\\Consulta_em_uma_tabela_do_BB_com_laravel\\vendor\\laravel\\framework\\src\\Illuminate\\Pipeline\\Pipeline.php(103): Illuminate\\Pipeline\\Pipeline->Illuminate\\Pipeline\\{closure}(Object(Illuminate\\Http\\Request))
#29 C:\\ProjetosLaravel\\Consulta_em_uma_tabela_do_BB_com_laravel\\vendor\\laravel\\framework\\src\\Illuminate\\Foundation\\Http\\Kernel.php(141): Illuminate\\Pipeline\\Pipeline->then(Object(Closure))
#30 C:\\ProjetosLaravel\\Consulta_em_uma_tabela_do_BB_com_laravel\\vendor\\laravel\\framework\\src\\Illuminate\\Foundation\\Http\\Kernel.php(110): Illuminate\\Foundation\\Http\\Kernel->sendRequestThroughRouter(Object(Illuminate\\Http\\Request))
#31 C:\\ProjetosLaravel\\Consulta_em_uma_tabela_do_BB_com_laravel\\public\\index.php(52): Illuminate\\Foundation\\Http\\Kernel->handle(Object(Illuminate\\Http\\Request))
#32 C:\\ProjetosLaravel\\Consulta_em_uma_tabela_do_BB_com_laravel\\server.php(21): require_once('C:\\\\ProjetosLara...')
#33 {main}

[previous exception] [object] (ReflectionException(code: -1): Class \"app\\Http\\Controllers\\GeneroController\" does not exist at C:\\ProjetosLaravel\\Consulta_em_uma_tabela_do_BB_com_laravel\\vendor\\laravel\\framework\\src\\Illuminate\\Container\\Container.php:836)
[stacktrace]
#0 C:\\ProjetosLaravel\\Consulta_em_uma_tabela_do_BB_com_laravel\\vendor\\laravel\\framework\\src\\Illuminate\\Container\\Container.php(836): ReflectionClass->__construct('app\\\\Http\\\\Contro...')
#1 C:\\ProjetosLaravel\\Consulta_em_uma_tabela_do_BB_com_laravel\\vendor\\laravel\\framework\\src\\Illuminate\\Container\\Container.php(717): Illuminate\\Container\\Container->build('app\\\\Http\\\\Contro...')
#2 C:\\ProjetosLaravel\\Consulta_em_uma_tabela_do_BB_com_laravel\\vendor\\laravel\\framework\\src\\Illuminate\\Foundation\\Application.php(841): Illuminate\\Container\\Container->resolve('app\\\\Http\\\\Contro...', Array, true)
#3 C:\\ProjetosLaravel\\Consulta_em_uma_tabela_do_BB_com_laravel\\vendor\\laravel\\framework\\src\\Illuminate\\Container\\Container.php(655): Illuminate\\Foundation\\Application->resolve('app\\\\Http\\\\Contro...', Array)
#4 C:\\ProjetosLaravel\\Consulta_em_uma_tabela_do_BB_com_laravel\\vendor\\laravel\\framework\\src\\Illuminate\\Foundation\\Application.php(826): Illuminate\\Container\\Container->make('app\\\\Http\\\\Contro...', Array)
#5 C:\\ProjetosLaravel\\Consulta_em_uma_tabela_do_BB_com_laravel\\vendor\\laravel\\framework\\src\\Illuminate\\Routing\\Route.php(268): Illuminate\\Foundation\\Application->make('app\\\\Http\\\\Contro...')
#6 C:\\ProjetosLaravel\\Consulta_em_uma_tabela_do_BB_com_laravel\\vendor\\laravel\\framework\\src\\Illuminate\\Routing\\Route.php(1019): Illuminate\\Routing\\Route->getController()
#7 C:\\ProjetosLaravel\\Consulta_em_uma_tabela_do_BB_com_laravel\\vendor\\laravel\\framework\\src\\Illuminate\\Routing\\Route.php(980): Illuminate\\Routing\\Route->controllerMiddleware()
#8 C:\\ProjetosLaravel\\Consulta_em_uma_tabela_do_BB_com_laravel\\vendor\\laravel\\framework\\src\\Illuminate\\Routing\\Router.php(708): Illuminate\\Routing\\Route->gatherMiddleware()
#9 C:\\ProjetosLaravel\\Consulta_em_uma_tabela_do_BB_com_laravel\\vendor\\laravel\\framework\\src\\Illuminate\\Routing\\Router.php(688): Illuminate\\Routing\\Router->gatherRouteMiddleware(Object(Illuminate\\Routing\\Route))
#10 C:\\ProjetosLaravel\\Consulta_em_uma_tabela_do_BB_com_laravel\\vendor\\laravel\\framework\\src\\Illuminate\\Routing\\Router.php(672): Illuminate\\Routing\\Router->runRouteWithinStack(Object(Illuminate\\Routing\\Route), Object(Illuminate\\Http\\Request))
#11 C:\\ProjetosLaravel\\Consulta_em_uma_tabela_do_BB_com_laravel\\vendor\\laravel\\framework\\src\\Illuminate\\Routing\\Router.php(636): Illuminate\\Routing\\Router->runRoute(Object(Illuminate\\Http\\Request), Object(Illuminate\\Routing\\Route))
#12 C:\\ProjetosLaravel\\Consulta_em_uma_tabela_do_BB_com_laravel\\vendor\\laravel\\framework\\src\\Illuminate\\Routing\\Router.php(625): Illuminate\\Routing\\Router->dispatchToRoute(Object(Illuminate\\Http\\Request))
#13 C:\\ProjetosLaravel\\Consulta_em_uma_tabela_do_BB_com_laravel\\vendor\\laravel\\framework\\src\\Illuminate\\Foundation\\Http\\Kernel.php(166): Illuminate\\Routing\\Router->dispatch(Object(Illuminate\\Http\\Request))
#14 C:\\ProjetosLaravel\\Consulta_em_uma_tabela_do_BB_com_laravel\\vendor\\laravel\\framework\\src\\Illuminate\\Pipeline\\Pipeline.php(128): Illuminate\\Foundation\\Http\\Kernel->Illuminate\\Foundation\\Http\\{closure}(Object(Illuminate\\Http\\Request))
#15 C:\\ProjetosLaravel\\Consulta_em_uma_tabela_do_BB_com_laravel\\vendor\\laravel\\framework\\src\\Illuminate\\Foundation\\Http\\Middleware\\TransformsRequest.php(21): Illuminate\\Pipeline\\Pipeline->Illuminate\\Pipeline\\{closure}(Object(Illuminate\\Http\\Request))
#16 C:\\ProjetosLaravel\\Consulta_em_uma_tabela_do_BB_com_laravel\\vendor\\laravel\\framework\\src\\Illuminate\\Foundation\\Http\\Middleware\\ConvertEmptyStringsToNull.php(31): Illuminate\\Foundation\\Http\\Middleware\\TransformsRequest->handle(Object(Illuminate\\Http\\Request), Object(Closure))
#17 C:\\ProjetosLaravel\\Consulta_em_uma_tabela_do_BB_com_laravel\\vendor\\laravel\\framework\\src\\Illuminate\\Pipeline\\Pipeline.php(167): Illuminate\\Foundation\\Http\\Middleware\\ConvertEmptyStringsToNull->handle(Object(Illuminate\\Http\\Request), Object(Closure))
#18 C:\\ProjetosLaravel\\Consulta_em_uma_tabela_do_BB_com_laravel\\vendor\\laravel\\framework\\src\\Illuminate\\Foundation\\Http\\Middleware\\TransformsRequest.php(21): Illuminate\\Pipeline\\Pipeline->Illuminate\\Pipeline\\{closure}(Object(Illuminate\\Http\\Request))
#19 C:\\ProjetosLaravel\\Consulta_em_uma_tabela_do_BB_com_laravel\\vendor\\laravel\\framework\\src\\Illuminate\\Foundation\\Http\\Middleware\\TrimStrings.php(40): Illuminate\\Foundation\\Http\\Middleware\\TransformsRequest->handle(Object(Illuminate\\Http\\Request), Object(Closure))
#20 C:\\ProjetosLaravel\\Consulta_em_uma_tabela_do_BB_com_laravel\\vendor\\laravel\\framework\\src\\Illuminate\\Pipeline\\Pipeline.php(167): Illuminate\\Foundation\\Http\\Middleware\\TrimStrings->handle(Object(Illuminate\\Http\\Request), Object(Closure))
#21 C:\\ProjetosLaravel\\Consulta_em_uma_tabela_do_BB_com_laravel\\vendor\\laravel\\framework\\src\\Illuminate\\Foundation\\Http\\Middleware\\ValidatePostSize.php(27): Illuminate\\Pipeline\\Pipeline->Illuminate\\Pipeline\\{closure}(Object(Illuminate\\Http\\Request))
#22 C:\\ProjetosLaravel\\Consulta_em_uma_tabela_do_BB_com_laravel\\vendor\\laravel\\framework\\src\\Illuminate\\Pipeline\\Pipeline.php(167): Illuminate\\Foundation\\Http\\Middleware\\ValidatePostSize->handle(Object(Illuminate\\Http\\Request), Object(Closure))
#23 C:\\ProjetosLaravel\\Consulta_em_uma_tabela_do_BB_com_laravel\\vendor\\laravel\\framework\\src\\Illuminate\\Foundation\\Http\\Middleware\\PreventRequestsDuringMaintenance.php(86): Illuminate\\Pipeline\\Pipeline->Illuminate\\Pipeline\\{closure}(Object(Illuminate\\Http\\Request))
#24 C:\\ProjetosLaravel\\Consulta_em_uma_tabela_do_BB_com_laravel\\vendor\\laravel\\framework\\src\\Illuminate\\Pipeline\\Pipeline.php(167): Illuminate\\Foundation\\Http\\Middleware\\PreventRequestsDuringMaintenance->handle(Object(Illuminate\\Http\\Request), Object(Closure))
#25 C:\\ProjetosLaravel\\Consulta_em_uma_tabela_do_BB_com_laravel\\vendor\\fruitcake\\laravel-cors\\src\\HandleCors.php(38): Illuminate\\Pipeline\\Pipeline->Illuminate\\Pipeline\\{closure}(Object(Illuminate\\Http\\Request))
#26 C:\\ProjetosLaravel\\Consulta_em_uma_tabela_do_BB_com_laravel\\vendor\\laravel\\framework\\src\\Illuminate\\Pipeline\\Pipeline.php(167): Fruitcake\\Cors\\HandleCors->handle(Object(Illuminate\\Http\\Request), Object(Closure))
#27 C:\\ProjetosLaravel\\Consulta_em_uma_tabela_do_BB_com_laravel\\vendor\\fideloper\\proxy\\src\\TrustProxies.php(57): Illuminate\\Pipeline\\Pipeline->Illuminate\\Pipeline\\{closure}(Object(Illuminate\\Http\\Request))
#28 C:\\ProjetosLaravel\\Consulta_em_uma_tabela_do_BB_com_laravel\\vendor\\laravel\\framework\\src\\Illuminate\\Pipeline\\Pipeline.php(167): Fideloper\\Proxy\\TrustProxies->handle(Object(Illuminate\\Http\\Request), Object(Closure))
#29 C:\\ProjetosLaravel\\Consulta_em_uma_tabela_do_BB_com_laravel\\vendor\\laravel\\framework\\src\\Illuminate\\Pipeline\\Pipeline.php(103): Illuminate\\Pipeline\\Pipeline->Illuminate\\Pipeline\\{closure}(Object(Illuminate\\Http\\Request))
#30 C:\\ProjetosLaravel\\Consulta_em_uma_tabela_do_BB_com_laravel\\vendor\\laravel\\framework\\src\\Illuminate\\Foundation\\Http\\Kernel.php(141): Illuminate\\Pipeline\\Pipeline->then(Object(Closure))
#31 C:\\ProjetosLaravel\\Consulta_em_uma_tabela_do_BB_com_laravel\\vendor\\laravel\\framework\\src\\Illuminate\\Foundation\\Http\\Kernel.php(110): Illuminate\\Foundation\\Http\\Kernel->sendRequestThroughRouter(Object(Illuminate\\Http\\Request))
#32 C:\\ProjetosLaravel\\Consulta_em_uma_tabela_do_BB_com_laravel\\public\\index.php(52): Illuminate\\Foundation\\Http\\Kernel->handle(Object(Illuminate\\Http\\Request))
#33 C:\\ProjetosLaravel\\Consulta_em_uma_tabela_do_BB_com_laravel\\server.php(21): require_once('C:\\\\ProjetosLara...')
#34 {main}
"} 
[2021-05-31 17:49:39] local.ERROR: Undefined variable $genero {"exception":"[object] (ErrorException(code: 0): Undefined variable $genero at C:\\ProjetosLaravel\\Consulta_em_uma_tabela_do_BB_com_laravel\\app\\Http\\Controllers\\GeneroController.php:20)
[stacktrace]
#0 C:\\ProjetosLaravel\\Consulta_em_uma_tabela_do_BB_com_laravel\\app\\Http\\Controllers\\GeneroController.php(20): Illuminate\\Foundation\\Bootstrap\\HandleExceptions->handleError(2, 'Undefined varia...', 'C:\\\\ProjetosLara...', 20)
#1 C:\\ProjetosLaravel\\Consulta_em_uma_tabela_do_BB_com_laravel\\vendor\\laravel\\framework\\src\\Illuminate\\Routing\\Controller.php(54): App\\Http\\Controllers\\GeneroController->index()
#2 C:\\ProjetosLaravel\\Consulta_em_uma_tabela_do_BB_com_laravel\\vendor\\laravel\\framework\\src\\Illuminate\\Routing\\ControllerDispatcher.php(45): Illuminate\\Routing\\Controller->callAction('index', Array)
#3 C:\\ProjetosLaravel\\Consulta_em_uma_tabela_do_BB_com_laravel\\vendor\\laravel\\framework\\src\\Illuminate\\Routing\\Route.php(254): Illuminate\\Routing\\ControllerDispatcher->dispatch(Object(Illuminate\\Routing\\Route), Object(App\\Http\\Controllers\\GeneroController), 'index')
#4 C:\\ProjetosLaravel\\Consulta_em_uma_tabela_do_BB_com_laravel\\vendor\\laravel\\framework\\src\\Illuminate\\Routing\\Route.php(197): Illuminate\\Routing\\Route->runController()
#5 C:\\ProjetosLaravel\\Consulta_em_uma_tabela_do_BB_com_laravel\\vendor\\laravel\\framework\\src\\Illuminate\\Routing\\Router.php(695): Illuminate\\Routing\\Route->run()
#6 C:\\ProjetosLaravel\\Consulta_em_uma_tabela_do_BB_com_laravel\\vendor\\laravel\\framework\\src\\Illuminate\\Pipeline\\Pipeline.php(128): Illuminate\\Routing\\Router->Illuminate\\Routing\\{closure}(Object(Illuminate\\Http\\Request))
#7 C:\\ProjetosLaravel\\Consulta_em_uma_tabela_do_BB_com_laravel\\vendor\\laravel\\framework\\src\\Illuminate\\Routing\\Middleware\\SubstituteBindings.php(50): Illuminate\\Pipeline\\Pipeline->Illuminate\\Pipeline\\{closure}(Object(Illuminate\\Http\\Request))
#8 C:\\ProjetosLaravel\\Consulta_em_uma_tabela_do_BB_com_laravel\\vendor\\laravel\\framework\\src\\Illuminate\\Pipeline\\Pipeline.php(167): Illuminate\\Routing\\Middleware\\SubstituteBindings->handle(Object(Illuminate\\Http\\Request), Object(Closure))
#9 C:\\ProjetosLaravel\\Consulta_em_uma_tabela_do_BB_com_laravel\\vendor\\laravel\\framework\\src\\Illuminate\\Foundation\\Http\\Middleware\\VerifyCsrfToken.php(78): Illuminate\\Pipeline\\Pipeline->Illuminate\\Pipeline\\{closure}(Object(Illuminate\\Http\\Request))
#10 C:\\ProjetosLaravel\\Consulta_em_uma_tabela_do_BB_com_laravel\\vendor\\laravel\\framework\\src\\Illuminate\\Pipeline\\Pipeline.php(167): Illuminate\\Foundation\\Http\\Middleware\\VerifyCsrfToken->handle(Object(Illuminate\\Http\\Request), Object(Closure))
#11 C:\\ProjetosLaravel\\Consulta_em_uma_tabela_do_BB_com_laravel\\vendor\\laravel\\framework\\src\\Illuminate\\View\\Middleware\\ShareErrorsFromSession.php(49): Illuminate\\Pipeline\\Pipeline->Illuminate\\Pipeline\\{closure}(Object(Illuminate\\Http\\Request))
#12 C:\\ProjetosLaravel\\Consulta_em_uma_tabela_do_BB_com_laravel\\vendor\\laravel\\framework\\src\\Illuminate\\Pipeline\\Pipeline.php(167): Illuminate\\View\\Middleware\\ShareErrorsFromSession->handle(Object(Illuminate\\Http\\Request), Object(Closure))
#13 C:\\ProjetosLaravel\\Consulta_em_uma_tabela_do_BB_com_laravel\\vendor\\laravel\\framework\\src\\Illuminate\\Session\\Middleware\\StartSession.php(121): Illuminate\\Pipeline\\Pipeline->Illuminate\\Pipeline\\{closure}(Object(Illuminate\\Http\\Request))
#14 C:\\ProjetosLaravel\\Consulta_em_uma_tabela_do_BB_com_laravel\\vendor\\laravel\\framework\\src\\Illuminate\\Session\\Middleware\\StartSession.php(64): Illuminate\\Session\\Middleware\\StartSession->handleStatefulRequest(Object(Illuminate\\Http\\Request), Object(Illuminate\\Session\\Store), Object(Closure))
#15 C:\\ProjetosLaravel\\Consulta_em_uma_tabela_do_BB_com_laravel\\vendor\\laravel\\framework\\src\\Illuminate\\Pipeline\\Pipeline.php(167): Illuminate\\Session\\Middleware\\StartSession->handle(Object(Illuminate\\Http\\Request), Object(Closure))
#16 C:\\ProjetosLaravel\\Consulta_em_uma_tabela_do_BB_com_laravel\\vendor\\laravel\\framework\\src\\Illuminate\\Cookie\\Middleware\\AddQueuedCookiesToResponse.php(37): Illuminate\\Pipeline\\Pipeline->Illuminate\\Pipeline\\{closure}(Object(Illuminate\\Http\\Request))
#17 C:\\ProjetosLaravel\\Consulta_em_uma_tabela_do_BB_com_laravel\\vendor\\laravel\\framework\\src\\Illuminate\\Pipeline\\Pipeline.php(167): Illuminate\\Cookie\\Middleware\\AddQueuedCookiesToResponse->handle(Object(Illuminate\\Http\\Request), Object(Closure))
#18 C:\\ProjetosLaravel\\Consulta_em_uma_tabela_do_BB_com_laravel\\vendor\\laravel\\framework\\src\\Illuminate\\Cookie\\Middleware\\EncryptCookies.php(67): Illuminate\\Pipeline\\Pipeline->Illuminate\\Pipeline\\{closure}(Object(Illuminate\\Http\\Request))
#19 C:\\ProjetosLaravel\\Consulta_em_uma_tabela_do_BB_com_laravel\\vendor\\laravel\\framework\\src\\Illuminate\\Pipeline\\Pipeline.php(167): Illuminate\\Cookie\\Middleware\\EncryptCookies->handle(Object(Illuminate\\Http\\Request), Object(Closure))
#20 C:\\ProjetosLaravel\\Consulta_em_uma_tabela_do_BB_com_laravel\\vendor\\laravel\\framework\\src\\Illuminate\\Pipeline\\Pipeline.php(103): Illuminate\\Pipeline\\Pipeline->Illuminate\\Pipeline\\{closure}(Object(Illuminate\\Http\\Request))
#21 C:\\ProjetosLaravel\\Consulta_em_uma_tabela_do_BB_com_laravel\\vendor\\laravel\\framework\\src\\Illuminate\\Routing\\Router.php(697): Illuminate\\Pipeline\\Pipeline->then(Object(Closure))
#22 C:\\ProjetosLaravel\\Consulta_em_uma_tabela_do_BB_com_laravel\\vendor\\laravel\\framework\\src\\Illuminate\\Routing\\Router.php(672): Illuminate\\Routing\\Router->runRouteWithinStack(Object(Illuminate\\Routing\\Route), Object(Illuminate\\Http\\Request))
#23 C:\\ProjetosLaravel\\Consulta_em_uma_tabela_do_BB_com_laravel\\vendor\\laravel\\framework\\src\\Illuminate\\Routing\\Router.php(636): Illuminate\\Routing\\Router->runRoute(Object(Illuminate\\Http\\Request), Object(Illuminate\\Routing\\Route))
#24 C:\\ProjetosLaravel\\Consulta_em_uma_tabela_do_BB_com_laravel\\vendor\\laravel\\framework\\src\\Illuminate\\Routing\\Router.php(625): Illuminate\\Routing\\Router->dispatchToRoute(Object(Illuminate\\Http\\Request))
#25 C:\\ProjetosLaravel\\Consulta_em_uma_tabela_do_BB_com_laravel\\vendor\\laravel\\framework\\src\\Illuminate\\Foundation\\Http\\Kernel.php(166): Illuminate\\Routing\\Router->dispatch(Object(Illuminate\\Http\\Request))
#26 C:\\ProjetosLaravel\\Consulta_em_uma_tabela_do_BB_com_laravel\\vendor\\laravel\\framework\\src\\Illuminate\\Pipeline\\Pipeline.php(128): Illuminate\\Foundation\\Http\\Kernel->Illuminate\\Foundation\\Http\\{closure}(Object(Illuminate\\Http\\Request))
#27 C:\\ProjetosLaravel\\Consulta_em_uma_tabela_do_BB_com_laravel\\vendor\\laravel\\framework\\src\\Illuminate\\Foundation\\Http\\Middleware\\TransformsRequest.php(21): Illuminate\\Pipeline\\Pipeline->Illuminate\\Pipeline\\{closure}(Object(Illuminate\\Http\\Request))
#28 C:\\ProjetosLaravel\\Consulta_em_uma_tabela_do_BB_com_laravel\\vendor\\laravel\\framework\\src\\Illuminate\\Foundation\\Http\\Middleware\\ConvertEmptyStringsToNull.php(31): Illuminate\\Foundation\\Http\\Middleware\\TransformsRequest->handle(Object(Illuminate\\Http\\Request), Object(Closure))
#29 C:\\ProjetosLaravel\\Consulta_em_uma_tabela_do_BB_com_laravel\\vendor\\laravel\\framework\\src\\Illuminate\\Pipeline\\Pipeline.php(167): Illuminate\\Foundation\\Http\\Middleware\\ConvertEmptyStringsToNull->handle(Object(Illuminate\\Http\\Request), Object(Closure))
#30 C:\\ProjetosLaravel\\Consulta_em_uma_tabela_do_BB_com_laravel\\vendor\\laravel\\framework\\src\\Illuminate\\Foundation\\Http\\Middleware\\TransformsRequest.php(21): Illuminate\\Pipeline\\Pipeline->Illuminate\\Pipeline\\{closure}(Object(Illuminate\\Http\\Request))
#31 C:\\ProjetosLaravel\\Consulta_em_uma_tabela_do_BB_com_laravel\\vendor\\laravel\\framework\\src\\Illuminate\\Foundation\\Http\\Middleware\\TrimStrings.php(40): Illuminate\\Foundation\\Http\\Middleware\\TransformsRequest->handle(Object(Illuminate\\Http\\Request), Object(Closure))
#32 C:\\ProjetosLaravel\\Consulta_em_uma_tabela_do_BB_com_laravel\\vendor\\laravel\\framework\\src\\Illuminate\\Pipeline\\Pipeline.php(167): Illuminate\\Foundation\\Http\\Middleware\\TrimStrings->handle(Object(Illuminate\\Http\\Request), Object(Closure))
#33 C:\\ProjetosLaravel\\Consulta_em_uma_tabela_do_BB_com_laravel\\vendor\\laravel\\framework\\src\\Illuminate\\Foundation\\Http\\Middleware\\ValidatePostSize.php(27): Illuminate\\Pipeline\\Pipeline->Illuminate\\Pipeline\\{closure}(Object(Illuminate\\Http\\Request))
#34 C:\\ProjetosLaravel\\Consulta_em_uma_tabela_do_BB_com_laravel\\vendor\\laravel\\framework\\src\\Illuminate\\Pipeline\\Pipeline.php(167): Illuminate\\Foundation\\Http\\Middleware\\ValidatePostSize->handle(Object(Illuminate\\Http\\Request), Object(Closure))
#35 C:\\ProjetosLaravel\\Consulta_em_uma_tabela_do_BB_com_laravel\\vendor\\laravel\\framework\\src\\Illuminate\\Foundation\\Http\\Middleware\\PreventRequestsDuringMaintenance.php(86): Illuminate\\Pipeline\\Pipeline->Illuminate\\Pipeline\\{closure}(Object(Illuminate\\Http\\Request))
#36 C:\\ProjetosLaravel\\Consulta_em_uma_tabela_do_BB_com_laravel\\vendor\\laravel\\framework\\src\\Illuminate\\Pipeline\\Pipeline.php(167): Illuminate\\Foundation\\Http\\Middleware\\PreventRequestsDuringMaintenance->handle(Object(Illuminate\\Http\\Request), Object(Closure))
#37 C:\\ProjetosLaravel\\Consulta_em_uma_tabela_do_BB_com_laravel\\vendor\\fruitcake\\laravel-cors\\src\\HandleCors.php(38): Illuminate\\Pipeline\\Pipeline->Illuminate\\Pipeline\\{closure}(Object(Illuminate\\Http\\Request))
#38 C:\\ProjetosLaravel\\Consulta_em_uma_tabela_do_BB_com_laravel\\vendor\\laravel\\framework\\src\\Illuminate\\Pipeline\\Pipeline.php(167): Fruitcake\\Cors\\HandleCors->handle(Object(Illuminate\\Http\\Request), Object(Closure))
#39 C:\\ProjetosLaravel\\Consulta_em_uma_tabela_do_BB_com_laravel\\vendor\\fideloper\\proxy\\src\\TrustProxies.php(57): Illuminate\\Pipeline\\Pipeline->Illuminate\\Pipeline\\{closure}(Object(Illuminate\\Http\\Request))
#40 C:\\ProjetosLaravel\\Consulta_em_uma_tabela_do_BB_com_laravel\\vendor\\laravel\\framework\\src\\Illuminate\\Pipeline\\Pipeline.php(167): Fideloper\\Proxy\\TrustProxies->handle(Object(Illuminate\\Http\\Request), Object(Closure))
#41 C:\\ProjetosLaravel\\Consulta_em_uma_tabela_do_BB_com_laravel\\vendor\\laravel\\framework\\src\\Illuminate\\Pipeline\\Pipeline.php(103): Illuminate\\Pipeline\\Pipeline->Illuminate\\Pipeline\\{closure}(Object(Illuminate\\Http\\Request))
#42 C:\\ProjetosLaravel\\Consulta_em_uma_tabela_do_BB_com_laravel\\vendor\\laravel\\framework\\src\\Illuminate\\Foundation\\Http\\Kernel.php(141): Illuminate\\Pipeline\\Pipeline->then(Object(Closure))
#43 C:\\ProjetosLaravel\\Consulta_em_uma_tabela_do_BB_com_laravel\\vendor\\laravel\\framework\\src\\Illuminate\\Foundation\\Http\\Kernel.php(110): Illuminate\\Foundation\\Http\\Kernel->sendRequestThroughRouter(Object(Illuminate\\Http\\Request))
#44 C:\\ProjetosLaravel\\Consulta_em_uma_tabela_do_BB_com_laravel\\public\\index.php(52): Illuminate\\Foundation\\Http\\Kernel->handle(Object(Illuminate\\Http\\Request))
#45 C:\\ProjetosLaravel\\Consulta_em_uma_tabela_do_BB_com_laravel\\server.php(21): require_once('C:\\\\ProjetosLara...')
#46 {main}
"} 
[2021-05-31 18:42:49] local.ERROR: compact(): Undefined variable $generos {"exception":"[object] (ErrorException(code: 0): compact(): Undefined variable $generos at C:\\ProjetosLaravel\\Consulta_em_uma_tabela_do_BB_com_laravel\\app\\Http\\Controllers\\GeneroController.php:21)
[stacktrace]
#0 [internal function]: Illuminate\\Foundation\\Bootstrap\\HandleExceptions->handleError(2, 'compact(): Unde...', 'C:\\\\ProjetosLara...', 21)
#1 C:\\ProjetosLaravel\\Consulta_em_uma_tabela_do_BB_com_laravel\\app\\Http\\Controllers\\GeneroController.php(21): compact('generos')
#2 C:\\ProjetosLaravel\\Consulta_em_uma_tabela_do_BB_com_laravel\\vendor\\laravel\\framework\\src\\Illuminate\\Routing\\Controller.php(54): App\\Http\\Controllers\\GeneroController->index()
#3 C:\\ProjetosLaravel\\Consulta_em_uma_tabela_do_BB_com_laravel\\vendor\\laravel\\framework\\src\\Illuminate\\Routing\\ControllerDispatcher.php(45): Illuminate\\Routing\\Controller->callAction('index', Array)
#4 C:\\ProjetosLaravel\\Consulta_em_uma_tabela_do_BB_com_laravel\\vendor\\laravel\\framework\\src\\Illuminate\\Routing\\Route.php(254): Illuminate\\Routing\\ControllerDispatcher->dispatch(Object(Illuminate\\Routing\\Route), Object(App\\Http\\Controllers\\GeneroController), 'index')
#5 C:\\ProjetosLaravel\\Consulta_em_uma_tabela_do_BB_com_laravel\\vendor\\laravel\\framework\\src\\Illuminate\\Routing\\Route.php(197): Illuminate\\Routing\\Route->runController()
#6 C:\\ProjetosLaravel\\Consulta_em_uma_tabela_do_BB_com_laravel\\vendor\\laravel\\framework\\src\\Illuminate\\Routing\\Router.php(695): Illuminate\\Routing\\Route->run()
#7 C:\\ProjetosLaravel\\Consulta_em_uma_tabela_do_BB_com_laravel\\vendor\\laravel\\framework\\src\\Illuminate\\Pipeline\\Pipeline.php(128): Illuminate\\Routing\\Router->Illuminate\\Routing\\{closure}(Object(Illuminate\\Http\\Request))
#8 C:\\ProjetosLaravel\\Consulta_em_uma_tabela_do_BB_com_laravel\\vendor\\laravel\\framework\\src\\Illuminate\\Routing\\Middleware\\SubstituteBindings.php(50): Illuminate\\Pipeline\\Pipeline->Illuminate\\Pipeline\\{closure}(Object(Illuminate\\Http\\Request))
#9 C:\\ProjetosLaravel\\Consulta_em_uma_tabela_do_BB_com_laravel\\vendor\\laravel\\framework\\src\\Illuminate\\Pipeline\\Pipeline.php(167): Illuminate\\Routing\\Middleware\\SubstituteBindings->handle(Object(Illuminate\\Http\\Request), Object(Closure))
#10 C:\\ProjetosLaravel\\Consulta_em_uma_tabela_do_BB_com_laravel\\vendor\\laravel\\framework\\src\\Illuminate\\Foundation\\Http\\Middleware\\VerifyCsrfToken.php(78): Illuminate\\Pipeline\\Pipeline->Illuminate\\Pipeline\\{closure}(Object(Illuminate\\Http\\Request))
#11 C:\\ProjetosLaravel\\Consulta_em_uma_tabela_do_BB_com_laravel\\vendor\\laravel\\framework\\src\\Illuminate\\Pipeline\\Pipeline.php(167): Illuminate\\Foundation\\Http\\Middleware\\VerifyCsrfToken->handle(Object(Illuminate\\Http\\Request), Object(Closure))
#12 C:\\ProjetosLaravel\\Consulta_em_uma_tabela_do_BB_com_laravel\\vendor\\laravel\\framework\\src\\Illuminate\\View\\Middleware\\ShareErrorsFromSession.php(49): Illuminate\\Pipeline\\Pipeline->Illuminate\\Pipeline\\{closure}(Object(Illuminate\\Http\\Request))
#13 C:\\ProjetosLaravel\\Consulta_em_uma_tabela_do_BB_com_laravel\\vendor\\laravel\\framework\\src\\Illuminate\\Pipeline\\Pipeline.php(167): Illuminate\\View\\Middleware\\ShareErrorsFromSession->handle(Object(Illuminate\\Http\\Request), Object(Closure))
#14 C:\\ProjetosLaravel\\Consulta_em_uma_tabela_do_BB_com_laravel\\vendor\\laravel\\framework\\src\\Illuminate\\Session\\Middleware\\StartSession.php(121): Illuminate\\Pipeline\\Pipeline->Illuminate\\Pipeline\\{closure}(Object(Illuminate\\Http\\Request))
#15 C:\\ProjetosLaravel\\Consulta_em_uma_tabela_do_BB_com_laravel\\vendor\\laravel\\framework\\src\\Illuminate\\Session\\Middleware\\StartSession.php(64): Illuminate\\Session\\Middleware\\StartSession->handleStatefulRequest(Object(Illuminate\\Http\\Request), Object(Illuminate\\Session\\Store), Object(Closure))
#16 C:\\ProjetosLaravel\\Consulta_em_uma_tabela_do_BB_com_laravel\\vendor\\laravel\\framework\\src\\Illuminate\\Pipeline\\Pipeline.php(167): Illuminate\\Session\\Middleware\\StartSession->handle(Object(Illuminate\\Http\\Request), Object(Closure))
#17 C:\\ProjetosLaravel\\Consulta_em_uma_tabela_do_BB_com_laravel\\vendor\\laravel\\framework\\src\\Illuminate\\Cookie\\Middleware\\AddQueuedCookiesToResponse.php(37): Illuminate\\Pipeline\\Pipeline->Illuminate\\Pipeline\\{closure}(Object(Illuminate\\Http\\Request))
#18 C:\\ProjetosLaravel\\Consulta_em_uma_tabela_do_BB_com_laravel\\vendor\\laravel\\framework\\src\\Illuminate\\Pipeline\\Pipeline.php(167): Illuminate\\Cookie\\Middleware\\AddQueuedCookiesToResponse->handle(Object(Illuminate\\Http\\Request), Object(Closure))
#19 C:\\ProjetosLaravel\\Consulta_em_uma_tabela_do_BB_com_laravel\\vendor\\laravel\\framework\\src\\Illuminate\\Cookie\\Middleware\\EncryptCookies.php(67): Illuminate\\Pipeline\\Pipeline->Illuminate\\Pipeline\\{closure}(Object(Illuminate\\Http\\Request))
#20 C:\\ProjetosLaravel\\Consulta_em_uma_tabela_do_BB_com_laravel\\vendor\\laravel\\framework\\src\\Illuminate\\Pipeline\\Pipeline.php(167): Illuminate\\Cookie\\Middleware\\EncryptCookies->handle(Object(Illuminate\\Http\\Request), Object(Closure))
#21 C:\\ProjetosLaravel\\Consulta_em_uma_tabela_do_BB_com_laravel\\vendor\\laravel\\framework\\src\\Illuminate\\Pipeline\\Pipeline.php(103): Illuminate\\Pipeline\\Pipeline->Illuminate\\Pipeline\\{closure}(Object(Illuminate\\Http\\Request))
#22 C:\\ProjetosLaravel\\Consulta_em_uma_tabela_do_BB_com_laravel\\vendor\\laravel\\framework\\src\\Illuminate\\Routing\\Router.php(697): Illuminate\\Pipeline\\Pipeline->then(Object(Closure))
#23 C:\\ProjetosLaravel\\Consulta_em_uma_tabela_do_BB_com_laravel\\vendor\\laravel\\framework\\src\\Illuminate\\Routing\\Router.php(672): Illuminate\\Routing\\Router->runRouteWithinStack(Object(Illuminate\\Routing\\Route), Object(Illuminate\\Http\\Request))
#24 C:\\ProjetosLaravel\\Consulta_em_uma_tabela_do_BB_com_laravel\\vendor\\laravel\\framework\\src\\Illuminate\\Routing\\Router.php(636): Illuminate\\Routing\\Router->runRoute(Object(Illuminate\\Http\\Request), Object(Illuminate\\Routing\\Route))
#25 C:\\ProjetosLaravel\\Consulta_em_uma_tabela_do_BB_com_laravel\\vendor\\laravel\\framework\\src\\Illuminate\\Routing\\Router.php(625): Illuminate\\Routing\\Router->dispatchToRoute(Object(Illuminate\\Http\\Request))
#26 C:\\ProjetosLaravel\\Consulta_em_uma_tabela_do_BB_com_laravel\\vendor\\laravel\\framework\\src\\Illuminate\\Foundation\\Http\\Kernel.php(166): Illuminate\\Routing\\Router->dispatch(Object(Illuminate\\Http\\Request))
#27 C:\\ProjetosLaravel\\Consulta_em_uma_tabela_do_BB_com_laravel\\vendor\\laravel\\framework\\src\\Illuminate\\Pipeline\\Pipeline.php(128): Illuminate\\Foundation\\Http\\Kernel->Illuminate\\Foundation\\Http\\{closure}(Object(Illuminate\\Http\\Request))
#28 C:\\ProjetosLaravel\\Consulta_em_uma_tabela_do_BB_com_laravel\\vendor\\laravel\\framework\\src\\Illuminate\\Foundation\\Http\\Middleware\\TransformsRequest.php(21): Illuminate\\Pipeline\\Pipeline->Illuminate\\Pipeline\\{closure}(Object(Illuminate\\Http\\Request))
#29 C:\\ProjetosLaravel\\Consulta_em_uma_tabela_do_BB_com_laravel\\vendor\\laravel\\framework\\src\\Illuminate\\Foundation\\Http\\Middleware\\ConvertEmptyStringsToNull.php(31): Illuminate\\Foundation\\Http\\Middleware\\TransformsRequest->handle(Object(Illuminate\\Http\\Request), Object(Closure))
#30 C:\\ProjetosLaravel\\Consulta_em_uma_tabela_do_BB_com_laravel\\vendor\\laravel\\framework\\src\\Illuminate\\Pipeline\\Pipeline.php(167): Illuminate\\Foundation\\Http\\Middleware\\ConvertEmptyStringsToNull->handle(Object(Illuminate\\Http\\Request), Object(Closure))
#31 C:\\ProjetosLaravel\\Consulta_em_uma_tabela_do_BB_com_laravel\\vendor\\laravel\\framework\\src\\Illuminate\\Foundation\\Http\\Middleware\\TransformsRequest.php(21): Illuminate\\Pipeline\\Pipeline->Illuminate\\Pipeline\\{closure}(Object(Illuminate\\Http\\Request))
#32 C:\\ProjetosLaravel\\Consulta_em_uma_tabela_do_BB_com_laravel\\vendor\\laravel\\framework\\src\\Illuminate\\Foundation\\Http\\Middleware\\TrimStrings.php(40): Illuminate\\Foundation\\Http\\Middleware\\TransformsRequest->handle(Object(Illuminate\\Http\\Request), Object(Closure))
#33 C:\\ProjetosLaravel\\Consulta_em_uma_tabela_do_BB_com_laravel\\vendor\\laravel\\framework\\src\\Illuminate\\Pipeline\\Pipeline.php(167): Illuminate\\Foundation\\Http\\Middleware\\TrimStrings->handle(Object(Illuminate\\Http\\Request), Object(Closure))
#34 C:\\ProjetosLaravel\\Consulta_em_uma_tabela_do_BB_com_laravel\\vendor\\laravel\\framework\\src\\Illuminate\\Foundation\\Http\\Middleware\\ValidatePostSize.php(27): Illuminate\\Pipeline\\Pipeline->Illuminate\\Pipeline\\{closure}(Object(Illuminate\\Http\\Request))
#35 C:\\ProjetosLaravel\\Consulta_em_uma_tabela_do_BB_com_laravel\\vendor\\laravel\\framework\\src\\Illuminate\\Pipeline\\Pipeline.php(167): Illuminate\\Foundation\\Http\\Middleware\\ValidatePostSize->handle(Object(Illuminate\\Http\\Request), Object(Closure))
#36 C:\\ProjetosLaravel\\Consulta_em_uma_tabela_do_BB_com_laravel\\vendor\\laravel\\framework\\src\\Illuminate\\Foundation\\Http\\Middleware\\PreventRequestsDuringMaintenance.php(86): Illuminate\\Pipeline\\Pipeline->Illuminate\\Pipeline\\{closure}(Object(Illuminate\\Http\\Request))
#37 C:\\ProjetosLaravel\\Consulta_em_uma_tabela_do_BB_com_laravel\\vendor\\laravel\\framework\\src\\Illuminate\\Pipeline\\Pipeline.php(167): Illuminate\\Foundation\\Http\\Middleware\\PreventRequestsDuringMaintenance->handle(Object(Illuminate\\Http\\Request), Object(Closure))
#38 C:\\ProjetosLaravel\\Consulta_em_uma_tabela_do_BB_com_laravel\\vendor\\fruitcake\\laravel-cors\\src\\HandleCors.php(38): Illuminate\\Pipeline\\Pipeline->Illuminate\\Pipeline\\{closure}(Object(Illuminate\\Http\\Request))
#39 C:\\ProjetosLaravel\\Consulta_em_uma_tabela_do_BB_com_laravel\\vendor\\laravel\\framework\\src\\Illuminate\\Pipeline\\Pipeline.php(167): Fruitcake\\Cors\\HandleCors->handle(Object(Illuminate\\Http\\Request), Object(Closure))
#40 C:\\ProjetosLaravel\\Consulta_em_uma_tabela_do_BB_com_laravel\\vendor\\fideloper\\proxy\\src\\TrustProxies.php(57): Illuminate\\Pipeline\\Pipeline->Illuminate\\Pipeline\\{closure}(Object(Illuminate\\Http\\Request))
#41 C:\\ProjetosLaravel\\Consulta_em_uma_tabela_do_BB_com_laravel\\vendor\\laravel\\framework\\src\\Illuminate\\Pipeline\\Pipeline.php(167): Fideloper\\Proxy\\TrustProxies->handle(Object(Illuminate\\Http\\Request), Object(Closure))
#42 C:\\ProjetosLaravel\\Consulta_em_uma_tabela_do_BB_com_laravel\\vendor\\laravel\\framework\\src\\Illuminate\\Pipeline\\Pipeline.php(103): Illuminate\\Pipeline\\Pipeline->Illuminate\\Pipeline\\{closure}(Object(Illuminate\\Http\\Request))
#43 C:\\ProjetosLaravel\\Consulta_em_uma_tabela_do_BB_com_laravel\\vendor\\laravel\\framework\\src\\Illuminate\\Foundation\\Http\\Kernel.php(141): Illuminate\\Pipeline\\Pipeline->then(Object(Closure))
#44 C:\\ProjetosLaravel\\Consulta_em_uma_tabela_do_BB_com_laravel\\vendor\\laravel\\framework\\src\\Illuminate\\Foundation\\Http\\Kernel.php(110): Illuminate\\Foundation\\Http\\Kernel->sendRequestThroughRouter(Object(Illuminate\\Http\\Request))
#45 C:\\ProjetosLaravel\\Consulta_em_uma_tabela_do_BB_com_laravel\\public\\index.php(52): Illuminate\\Foundation\\Http\\Kernel->handle(Object(Illuminate\\Http\\Request))
#46 C:\\ProjetosLaravel\\Consulta_em_uma_tabela_do_BB_com_laravel\\server.php(21): require_once('C:\\\\ProjetosLara...')
#47 {main}
"} 
